 [2024-10-11 11:54:55,608: INFO: main: Welcome to Kidney Disease Classification]
[2024-10-11 23:54:33,454: INFO: common: yaml file: config\config.yaml loaded successfully]
[2024-10-11 23:54:33,459: INFO: common: yaml file: params.yaml loaded successfully]
[2024-10-12 00:04:26,449: INFO: common: yaml file: config\config.yaml loaded successfully]
[2024-10-12 00:04:26,456: INFO: common: yaml file: params.yaml loaded successfully]
[2024-10-12 00:04:26,458: INFO: common: created directory at: artifacts]
[2024-10-12 00:04:26,460: INFO: common: created directory at: artifacts/data_ingestion]
[2024-10-12 00:04:26,462: INFO: 986331348: Downloading data from https://drive.google.com/file/d/1vlhZ5c7abUKF8xXERIw6m9Te8fW7ohw3/view?usp=sharing into file artifacts/data_ingestion/data.zip]
[2024-10-12 00:04:42,131: INFO: 986331348: Downloaded data from https://drive.google.com/file/d/1vlhZ5c7abUKF8xXERIw6m9Te8fW7ohw3/view?usp=sharing into file artifacts/data_ingestion/data.zip]
[2024-10-12 00:19:56,661: INFO: common: yaml file: config\config.yaml loaded successfully]
[2024-10-12 00:19:56,663: INFO: common: yaml file: params.yaml loaded successfully]
[2024-10-12 00:19:56,664: INFO: common: created directory at: artifacts]
[2024-10-12 00:19:56,666: INFO: common: created directory at: artifacts/data_ingestion]
[2024-10-12 00:19:56,667: INFO: 986331348: Downloading data from https://drive.google.com/file/d/1HpXa7enyiPRAZ_4E7o2cDgALtYhVQOHl/view?usp=sharing into file artifacts/data_ingestion/data.zip]
[2024-10-12 00:20:42,695: INFO: 986331348: Downloaded data from https://drive.google.com/file/d/1HpXa7enyiPRAZ_4E7o2cDgALtYhVQOHl/view?usp=sharing into file artifacts/data_ingestion/data.zip]
[2024-10-12 00:35:30,389: INFO: main: >>>>>> stage Data Ingestion Stage started <<<<<<]
[2024-10-12 00:35:30,393: INFO: common: yaml file: config\config.yaml loaded successfully]
[2024-10-12 00:35:30,394: INFO: common: yaml file: params.yaml loaded successfully]
[2024-10-12 00:35:30,394: INFO: common: created directory at: artifacts]
[2024-10-12 00:35:30,395: INFO: common: created directory at: artifacts/data_ingestion]
[2024-10-12 00:35:30,395: INFO: data_ingestion: Downloading data from https://drive.google.com/file/d/1HpXa7enyiPRAZ_4E7o2cDgALtYhVQOHl/view?usp=sharing into file artifacts/data_ingestion/data.zip]
[2024-10-12 00:37:17,446: INFO: main: >>>>>> stage Data Ingestion Stage started <<<<<<]
[2024-10-12 00:37:17,449: INFO: common: yaml file: config\config.yaml loaded successfully]
[2024-10-12 00:37:17,450: INFO: common: yaml file: params.yaml loaded successfully]
[2024-10-12 00:37:17,451: INFO: common: created directory at: artifacts]
[2024-10-12 00:37:17,452: INFO: common: created directory at: artifacts/data_ingestion]
[2024-10-12 00:37:17,452: INFO: data_ingestion: Downloading data from https://drive.google.com/file/d/1HpXa7enyiPRAZ_4E7o2cDgALtYhVQOHl/view?usp=sharing into file artifacts/data_ingestion/data.zip]
[2024-10-12 00:38:00,924: INFO: data_ingestion: Downloaded data from https://drive.google.com/file/d/1HpXa7enyiPRAZ_4E7o2cDgALtYhVQOHl/view?usp=sharing into file artifacts/data_ingestion/data.zip]
[2024-10-12 00:38:19,502: INFO: main: >>>>>> stage Data Ingestion Stage completed <<<<<<

x==========x]
[2024-10-26 20:59:59,934: INFO: common: yaml file: config\config.yaml loaded successfully]
[2024-10-26 20:59:59,945: INFO: common: yaml file: params.yaml loaded successfully]
[2024-10-26 20:59:59,947: INFO: common: created directory at: artifacts]
[2024-10-26 20:59:59,948: INFO: common: created directory at: artifacts/prepare_base_model]
[2024-10-26 21:00:07,387: WARNING: saving_utils: Compiled the loaded model, but the compiled metrics have yet to be built. `model.compile_metrics` will be empty until you train or evaluate the model.]
[2024-10-26 21:42:38,136: INFO: common: yaml file: config\config.yaml loaded successfully]
[2024-10-26 21:42:38,139: INFO: common: yaml file: params.yaml loaded successfully]
[2024-10-26 21:42:38,142: INFO: common: created directory at: artifacts]
[2024-10-26 21:42:38,143: INFO: common: created directory at: artifacts/prepare_base_model]
[2024-10-26 21:42:38,553: WARNING: saving_utils: Compiled the loaded model, but the compiled metrics have yet to be built. `model.compile_metrics` will be empty until you train or evaluate the model.]
[2024-10-26 21:43:59,050: INFO: common: yaml file: config\config.yaml loaded successfully]
[2024-10-26 21:43:59,054: INFO: common: yaml file: params.yaml loaded successfully]
[2024-10-26 21:43:59,057: INFO: common: created directory at: artifacts]
[2024-10-26 21:43:59,058: INFO: common: created directory at: artifacts/prepare_base_model]
[2024-10-26 21:43:59,450: WARNING: saving_utils: Compiled the loaded model, but the compiled metrics have yet to be built. `model.compile_metrics` will be empty until you train or evaluate the model.]
[2024-10-26 23:26:10,973: INFO: main: >>>>>> stage Data Ingestion Stage started <<<<<<]
[2024-10-26 23:26:10,980: INFO: common: yaml file: config\config.yaml loaded successfully]
[2024-10-26 23:26:10,988: INFO: common: yaml file: params.yaml loaded successfully]
[2024-10-26 23:26:10,989: INFO: common: created directory at: artifacts]
[2024-10-26 23:26:10,989: INFO: common: created directory at: artifacts/data_ingestion]
[2024-10-26 23:26:10,991: INFO: data_ingestion: Downloading data from https://drive.google.com/file/d/1HpXa7enyiPRAZ_4E7o2cDgALtYhVQOHl/view?usp=sharing into file artifacts/data_ingestion/data.zip]
[2024-10-26 23:28:13,544: INFO: data_ingestion: Downloaded data from https://drive.google.com/file/d/1HpXa7enyiPRAZ_4E7o2cDgALtYhVQOHl/view?usp=sharing into file artifacts/data_ingestion/data.zip]
[2024-10-26 23:28:31,657: INFO: main: >>>>>> stage Data Ingestion Stage completed <<<<<<

x==========x]
[2024-10-26 23:28:31,657: INFO: main: *******************]
[2024-10-26 23:28:31,657: INFO: main: >>>>>> stage Prepare base model started <<<<<<]
[2024-10-26 23:28:31,659: INFO: common: yaml file: config\config.yaml loaded successfully]
[2024-10-26 23:28:31,660: INFO: common: yaml file: params.yaml loaded successfully]
[2024-10-26 23:28:31,660: INFO: common: created directory at: artifacts]
[2024-10-26 23:28:31,661: INFO: common: created directory at: artifacts/prepare_base_model]
[2024-10-26 23:28:31,661: ERROR: main: PrepareBaseModelConfig.__init__() got an unexpected keyword argument 'config']
Traceback (most recent call last):
  File "C:\Users\Mayank\Desktop\extras\Advanced ML Projects\Kidney-Disease-Classification\main.py", line 25, in <module>
    prepare_base_model.main()
  File "c:\users\mayank\desktop\extras\advanced ml projects\kidney-disease-classification\src\Kidney_Disease_Classification\pipeline\stage_02_prepare_base_model.py", line 14, in main
    prepare_base_model = PrepareBaseModelConfig(config=prepare_base_model_config)
                         ^^^^^^^^^^^^^^^^^^^^^^^^^^^^^^^^^^^^^^^^^^^^^^^^^^^^^^^^
TypeError: PrepareBaseModelConfig.__init__() got an unexpected keyword argument 'config'
[2024-10-26 23:43:11,831: INFO: main: >>>>>> stage Data Ingestion Stage started <<<<<<]
[2024-10-26 23:43:11,833: INFO: common: yaml file: config\config.yaml loaded successfully]
[2024-10-26 23:43:11,834: INFO: common: yaml file: params.yaml loaded successfully]
[2024-10-26 23:43:11,835: INFO: common: created directory at: artifacts]
[2024-10-26 23:43:11,835: INFO: common: created directory at: artifacts/data_ingestion]
[2024-10-26 23:43:11,836: INFO: data_ingestion: Downloading data from https://drive.google.com/file/d/1HpXa7enyiPRAZ_4E7o2cDgALtYhVQOHl/view?usp=sharing into file artifacts/data_ingestion/data.zip]
[2024-10-26 23:45:21,176: INFO: data_ingestion: Downloaded data from https://drive.google.com/file/d/1HpXa7enyiPRAZ_4E7o2cDgALtYhVQOHl/view?usp=sharing into file artifacts/data_ingestion/data.zip]
[2024-10-26 23:45:38,545: INFO: main: >>>>>> stage Data Ingestion Stage completed <<<<<<

x==========x]
[2024-10-26 23:45:38,546: INFO: main: *******************]
[2024-10-26 23:45:38,546: INFO: main: >>>>>> stage Prepare base model started <<<<<<]
[2024-10-26 23:45:38,548: INFO: common: yaml file: config\config.yaml loaded successfully]
[2024-10-26 23:45:38,549: INFO: common: yaml file: params.yaml loaded successfully]
[2024-10-26 23:45:38,550: INFO: common: created directory at: artifacts]
[2024-10-26 23:45:38,550: INFO: common: created directory at: artifacts/prepare_base_model]
[2024-10-26 23:45:38,551: ERROR: main: 'NoneType' object has no attribute 'params_image_size']
Traceback (most recent call last):
  File "C:\Users\Mayank\Desktop\extras\Advanced ML Projects\Kidney-Disease-Classification\main.py", line 25, in <module>
    prepare_base_model.main()
  File "c:\users\mayank\desktop\extras\advanced ml projects\kidney-disease-classification\src\Kidney_Disease_Classification\pipeline\stage_02_prepare_base_model.py", line 15, in main
    prepare_base_model.get_base_model()
  File "c:\users\mayank\desktop\extras\advanced ml projects\kidney-disease-classification\src\Kidney_Disease_Classification\components\prepare_base_model.py", line 16, in get_base_model
    input_shape=self.config.params_image_size,
                ^^^^^^^^^^^^^^^^^^^^^^^^^^^^^
AttributeError: 'NoneType' object has no attribute 'params_image_size'
[2024-10-27 00:17:22,846: INFO: common: yaml file: config\config.yaml loaded successfully]
[2024-10-27 00:17:22,850: INFO: common: yaml file: params.yaml loaded successfully]
[2024-10-27 00:17:22,852: INFO: common: created directory at: artifacts]
[2024-10-27 00:17:22,854: INFO: common: created directory at: artifacts/prepare_base_model]
[2024-10-27 00:17:23,294: WARNING: saving_utils: Compiled the loaded model, but the compiled metrics have yet to be built. `model.compile_metrics` will be empty until you train or evaluate the model.]
[2024-10-27 20:53:47,493: INFO: main: >>>>>> stage Data Ingestion Stage started <<<<<<]
[2024-10-27 20:53:47,495: INFO: common: yaml file: config\config.yaml loaded successfully]
[2024-10-27 20:53:47,503: INFO: common: yaml file: params.yaml loaded successfully]
[2024-10-27 20:53:47,504: INFO: common: created directory at: artifacts]
[2024-10-27 20:53:47,504: INFO: common: created directory at: artifacts/data_ingestion]
[2024-10-27 20:53:47,505: INFO: data_ingestion: Downloading data from https://drive.google.com/file/d/1HpXa7enyiPRAZ_4E7o2cDgALtYhVQOHl/view?usp=sharing into file artifacts/data_ingestion/data.zip]
[2024-10-27 20:59:51,551: INFO: data_ingestion: Downloaded data from https://drive.google.com/file/d/1HpXa7enyiPRAZ_4E7o2cDgALtYhVQOHl/view?usp=sharing into file artifacts/data_ingestion/data.zip]
[2024-10-27 21:00:08,916: INFO: main: >>>>>> stage Data Ingestion Stage completed <<<<<<

x==========x]
[2024-10-27 21:00:08,916: INFO: main: *******************]
[2024-10-27 21:00:08,916: INFO: main: >>>>>> stage Prepare base model started <<<<<<]
[2024-10-27 21:00:08,918: INFO: common: yaml file: config\config.yaml loaded successfully]
[2024-10-27 21:00:08,919: INFO: common: yaml file: params.yaml loaded successfully]
[2024-10-27 21:00:08,920: INFO: common: created directory at: artifacts]
[2024-10-27 21:00:08,920: INFO: common: created directory at: artifacts/prepare_base_model]
[2024-10-27 21:00:08,920: ERROR: main: 'NoneType' object has no attribute 'params_image_size']
Traceback (most recent call last):
  File "C:\Users\Mayank\Desktop\extras\Advanced ML Projects\Kidney-Disease-Classification\main.py", line 25, in <module>
    prepare_base_model.main()
  File "c:\users\mayank\desktop\extras\advanced ml projects\kidney-disease-classification\src\Kidney_Disease_Classification\pipeline\stage_02_prepare_base_model.py", line 15, in main
    prepare_base_model.get_base_model()
  File "c:\users\mayank\desktop\extras\advanced ml projects\kidney-disease-classification\src\Kidney_Disease_Classification\components\prepare_base_model.py", line 16, in get_base_model
    input_shape=self.config.params_image_size,
                ^^^^^^^^^^^^^^^^^^^^^^^^^^^^^
AttributeError: 'NoneType' object has no attribute 'params_image_size'
[2024-10-27 21:21:14,762: INFO: main: >>>>>> stage Data Ingestion Stage started <<<<<<]
[2024-10-27 21:21:14,764: INFO: common: yaml file: config\config.yaml loaded successfully]
[2024-10-27 21:21:14,765: INFO: common: yaml file: params.yaml loaded successfully]
[2024-10-27 21:21:14,766: INFO: common: created directory at: artifacts]
[2024-10-27 21:21:14,766: INFO: common: created directory at: artifacts/data_ingestion]
[2024-10-27 21:21:14,766: INFO: data_ingestion: Downloading data from https://drive.google.com/file/d/1HpXa7enyiPRAZ_4E7o2cDgALtYhVQOHl/view?usp=sharing into file artifacts/data_ingestion/data.zip]
[2024-10-27 21:23:26,957: INFO: data_ingestion: Downloaded data from https://drive.google.com/file/d/1HpXa7enyiPRAZ_4E7o2cDgALtYhVQOHl/view?usp=sharing into file artifacts/data_ingestion/data.zip]
[2024-10-27 21:23:44,678: INFO: main: >>>>>> stage Data Ingestion Stage completed <<<<<<

x==========x]
[2024-10-27 21:23:44,678: INFO: main: *******************]
[2024-10-27 21:23:44,679: INFO: main: >>>>>> stage Prepare base model started <<<<<<]
[2024-10-27 21:23:44,680: INFO: common: yaml file: config\config.yaml loaded successfully]
[2024-10-27 21:23:44,682: INFO: common: yaml file: params.yaml loaded successfully]
[2024-10-27 21:23:44,682: INFO: common: created directory at: artifacts]
[2024-10-27 21:23:44,682: INFO: common: created directory at: artifacts/prepare_base_model]
[2024-10-27 21:23:45,242: WARNING: saving_utils: Compiled the loaded model, but the compiled metrics have yet to be built. `model.compile_metrics` will be empty until you train or evaluate the model.]
[2024-10-27 21:23:45,485: INFO: main: >>>>>> stage Prepare base model completed <<<<<<

x==========x]
[2024-10-27 23:18:04,182: INFO: common: yaml file: config\config.yaml loaded successfully]
[2024-10-27 23:18:04,187: INFO: common: yaml file: params.yaml loaded successfully]
[2024-10-27 23:18:04,189: INFO: common: created directory at: artifacts]
[2024-10-27 23:18:04,190: INFO: common: created directory at: artifacts\training]
[2024-10-27 23:21:34,010: INFO: common: yaml file: config\config.yaml loaded successfully]
[2024-10-27 23:21:34,013: INFO: common: yaml file: params.yaml loaded successfully]
[2024-10-27 23:21:34,014: INFO: common: created directory at: artifacts]
[2024-10-27 23:21:34,017: INFO: common: created directory at: artifacts\training]
[2024-10-28 11:48:57,987: INFO: main: >>>>>> stage Data Ingestion Stage started <<<<<<]
[2024-10-28 11:48:57,996: INFO: common: yaml file: config\config.yaml loaded successfully]
[2024-10-28 11:48:58,005: INFO: common: yaml file: params.yaml loaded successfully]
[2024-10-28 11:48:58,005: INFO: common: created directory at: artifacts]
[2024-10-28 11:48:58,006: INFO: common: created directory at: artifacts/data_ingestion]
[2024-10-28 11:48:58,006: INFO: data_ingestion: Downloading data from https://drive.google.com/file/d/1-U3xAwWvXgxcDIZ_PmliTJQBKbjpvL2w/view?usp=sharing into file artifacts/data_ingestion/data.zip]
[2024-10-28 11:50:02,250: INFO: data_ingestion: Downloaded data from https://drive.google.com/file/d/1-U3xAwWvXgxcDIZ_PmliTJQBKbjpvL2w/view?usp=sharing into file artifacts/data_ingestion/data.zip]
[2024-10-28 11:50:11,801: INFO: main: >>>>>> stage Data Ingestion Stage completed <<<<<<

x==========x]
[2024-10-28 11:50:11,801: INFO: main: *******************]
[2024-10-28 11:50:11,801: INFO: main: >>>>>> stage Prepare base model started <<<<<<]
[2024-10-28 11:50:11,803: INFO: common: yaml file: config\config.yaml loaded successfully]
[2024-10-28 11:50:11,805: INFO: common: yaml file: params.yaml loaded successfully]
[2024-10-28 11:50:11,806: INFO: common: created directory at: artifacts]
[2024-10-28 11:50:11,806: INFO: common: created directory at: artifacts/prepare_base_model]
[2024-10-28 11:50:12,422: WARNING: saving_utils: Compiled the loaded model, but the compiled metrics have yet to be built. `model.compile_metrics` will be empty until you train or evaluate the model.]
[2024-10-28 11:50:12,716: INFO: main: >>>>>> stage Prepare base model completed <<<<<<

x==========x]
[2024-10-28 11:51:59,501: INFO: common: yaml file: config\config.yaml loaded successfully]
[2024-10-28 11:51:59,505: INFO: common: yaml file: params.yaml loaded successfully]
[2024-10-28 11:51:59,507: INFO: common: created directory at: artifacts]
[2024-10-28 11:51:59,509: INFO: common: created directory at: artifacts\training]
[2024-10-28 12:07:56,869: INFO: main: >>>>>> stage Data Ingestion Stage started <<<<<<]
[2024-10-28 12:07:56,871: INFO: common: yaml file: config\config.yaml loaded successfully]
[2024-10-28 12:07:56,874: INFO: common: yaml file: params.yaml loaded successfully]
[2024-10-28 12:07:56,875: INFO: common: created directory at: artifacts]
[2024-10-28 12:07:56,876: INFO: common: created directory at: artifacts/data_ingestion]
[2024-10-28 12:07:56,876: INFO: data_ingestion: Downloading data from https://drive.google.com/file/d/1-U3xAwWvXgxcDIZ_PmliTJQBKbjpvL2w/view?usp=sharing into file artifacts/data_ingestion/data.zip]
[2024-10-28 12:09:01,741: INFO: data_ingestion: Downloaded data from https://drive.google.com/file/d/1-U3xAwWvXgxcDIZ_PmliTJQBKbjpvL2w/view?usp=sharing into file artifacts/data_ingestion/data.zip]
[2024-10-28 12:09:11,954: INFO: main: >>>>>> stage Data Ingestion Stage completed <<<<<<

x==========x]
[2024-10-28 12:09:11,956: INFO: main: *******************]
[2024-10-28 12:09:11,956: INFO: main: >>>>>> stage Prepare base model started <<<<<<]
[2024-10-28 12:09:11,959: INFO: common: yaml file: config\config.yaml loaded successfully]
[2024-10-28 12:09:11,960: INFO: common: yaml file: params.yaml loaded successfully]
[2024-10-28 12:09:11,961: INFO: common: created directory at: artifacts]
[2024-10-28 12:09:11,961: INFO: common: created directory at: artifacts/prepare_base_model]
[2024-10-28 12:09:12,622: WARNING: saving_utils: Compiled the loaded model, but the compiled metrics have yet to be built. `model.compile_metrics` will be empty until you train or evaluate the model.]
[2024-10-28 12:09:12,864: INFO: main: >>>>>> stage Prepare base model completed <<<<<<

x==========x]
[2024-10-28 12:09:12,864: INFO: main: *******************]
[2024-10-28 12:09:12,864: INFO: main: >>>>>> stage Training started <<<<<<]
[2024-10-28 12:09:12,866: INFO: common: yaml file: config\config.yaml loaded successfully]
[2024-10-28 12:09:12,867: INFO: common: yaml file: params.yaml loaded successfully]
[2024-10-28 12:09:12,868: INFO: common: created directory at: artifacts]
[2024-10-28 12:09:12,868: INFO: common: created directory at: artifacts\training]
[2024-10-28 12:16:36,178: INFO: main: >>>>>> stage Training completed <<<<<<

x==========x]
[2024-10-28 16:39:37,197: INFO: common: yaml file: config\config.yaml loaded successfully]
[2024-10-28 16:39:37,209: INFO: common: yaml file: params.yaml loaded successfully]
[2024-10-28 16:39:37,211: INFO: common: created directory at: artifacts]
[2024-10-28 16:41:47,210: INFO: common: json file saved at: scores.json]
[2024-10-28 16:58:23,141: INFO: common: yaml file: config\config.yaml loaded successfully]
[2024-10-28 16:58:23,144: INFO: common: yaml file: params.yaml loaded successfully]
[2024-10-28 16:58:23,144: INFO: common: created directory at: artifacts]
[2024-10-28 17:00:25,089: INFO: common: json file saved at: scores.json]
[2024-10-28 18:32:09,950: INFO: common: yaml file: config\config.yaml loaded successfully]
[2024-10-28 18:32:09,955: INFO: common: yaml file: params.yaml loaded successfully]
[2024-10-28 18:32:09,957: INFO: common: created directory at: artifacts]
[2024-10-28 18:34:13,819: INFO: common: json file saved at: scores.json]
[2024-10-28 18:50:30,287: INFO: common: yaml file: config\config.yaml loaded successfully]
[2024-10-28 18:50:30,289: INFO: common: yaml file: params.yaml loaded successfully]
[2024-10-28 18:50:30,291: INFO: common: created directory at: artifacts]
[2024-10-28 18:52:30,999: INFO: common: json file saved at: scores.json]
[2024-10-28 18:53:52,847: INFO: _client: HTTP Request: POST https://dagshub.com/login/oauth/middleman "HTTP/1.1 200 OK"]
[2024-10-28 18:53:53,546: INFO: _client: HTTP Request: POST https://dagshub.com/login/oauth/access_token "HTTP/1.1 200 OK"]
[2024-10-28 18:53:54,225: INFO: _client: HTTP Request: GET https://dagshub.com/api/v1/user "HTTP/1.1 200 OK"]
[2024-10-28 18:53:54,242: INFO: helpers: Accessing as mayank2393]
[2024-10-28 18:53:54,965: INFO: _client: HTTP Request: GET https://dagshub.com/api/v1/repos/mayank2393/Kidney-Disease-Classification "HTTP/1.1 200 OK"]
[2024-10-28 18:53:54,969: INFO: helpers: Initialized MLflow to track repo "mayank2393/Kidney-Disease-Classification"]
[2024-10-28 18:53:54,972: INFO: helpers: Repository mayank2393/Kidney-Disease-Classification initialized!]
[2024-10-28 18:53:57,814: WARNING: save: Found untraced functions such as _jit_compiled_convolution_op, _jit_compiled_convolution_op, _jit_compiled_convolution_op, _jit_compiled_convolution_op, _jit_compiled_convolution_op while saving (showing 5 of 14). These functions will not be directly callable after loading.]
[2024-10-28 18:53:58,470: INFO: builder_impl: Assets written to: C:\Users\Mayank\AppData\Local\Temp\tmpu9dwcwc7\model\data\model\assets]
[2024-10-28 19:23:36,357: INFO: common: yaml file: config\config.yaml loaded successfully]
[2024-10-28 19:23:36,360: INFO: common: yaml file: params.yaml loaded successfully]
[2024-10-28 19:23:36,361: INFO: common: created directory at: artifacts]
[2024-10-28 19:25:43,769: INFO: common: json file saved at: scores.json]
[2024-10-28 19:25:49,353: INFO: _client: HTTP Request: GET https://dagshub.com/api/v1/repos/mayank2393/Kidney-Disease-Classification "HTTP/1.1 200 OK"]
[2024-10-28 19:25:49,360: INFO: helpers: Initialized MLflow to track repo "mayank2393/Kidney-Disease-Classification"]
[2024-10-28 19:25:49,364: INFO: helpers: Repository mayank2393/Kidney-Disease-Classification initialized!]
[2024-10-28 19:25:52,231: WARNING: save: Found untraced functions such as _jit_compiled_convolution_op, _jit_compiled_convolution_op, _jit_compiled_convolution_op, _jit_compiled_convolution_op, _jit_compiled_convolution_op while saving (showing 5 of 14). These functions will not be directly callable after loading.]
[2024-10-28 19:25:52,816: INFO: builder_impl: Assets written to: C:\Users\Mayank\AppData\Local\Temp\tmptkka5_24\model\data\model\assets]
[2024-10-28 19:26:36,720: INFO: common: yaml file: config\config.yaml loaded successfully]
[2024-10-28 19:26:36,723: INFO: common: yaml file: params.yaml loaded successfully]
[2024-10-28 19:26:36,725: INFO: common: created directory at: artifacts]
[2024-10-28 19:28:40,435: INFO: common: json file saved at: scores.json]
[2024-10-28 19:28:42,864: INFO: _client: HTTP Request: GET https://dagshub.com/api/v1/repos/mayank2393/Kidney-Disease-Classification "HTTP/1.1 200 OK"]
[2024-10-28 19:28:42,869: INFO: helpers: Initialized MLflow to track repo "mayank2393/Kidney-Disease-Classification"]
[2024-10-28 19:28:42,873: INFO: helpers: Repository mayank2393/Kidney-Disease-Classification initialized!]
[2024-11-07 00:19:24,326: INFO: common: yaml file: config\config.yaml loaded successfully]
[2024-11-07 00:19:24,340: INFO: common: yaml file: params.yaml loaded successfully]
[2024-11-07 00:19:24,343: INFO: common: created directory at: artifacts]
[2024-11-07 00:21:25,482: INFO: common: json file saved at: scores.json]
[2024-11-07 00:58:44,308: INFO: main: >>>>>> stage Data Ingestion Stage started <<<<<<]
[2024-11-07 00:58:44,311: INFO: common: yaml file: config\config.yaml loaded successfully]
[2024-11-07 00:58:44,318: INFO: common: yaml file: params.yaml loaded successfully]
[2024-11-07 00:58:44,318: INFO: common: created directory at: artifacts]
[2024-11-07 00:58:44,319: INFO: common: created directory at: artifacts/data_ingestion]
[2024-11-07 00:58:44,319: INFO: data_ingestion: Downloading data from https://drive.google.com/file/d/1-U3xAwWvXgxcDIZ_PmliTJQBKbjpvL2w/view?usp=sharing into file artifacts/data_ingestion/data.zip]
[2024-11-07 01:01:40,452: INFO: data_ingestion: Downloaded data from https://drive.google.com/file/d/1-U3xAwWvXgxcDIZ_PmliTJQBKbjpvL2w/view?usp=sharing into file artifacts/data_ingestion/data.zip]
[2024-11-07 01:01:50,723: INFO: main: >>>>>> stage Data Ingestion Stage completed <<<<<<

x==========x]
[2024-11-07 01:01:50,723: INFO: main: *******************]
[2024-11-07 01:01:50,724: INFO: main: >>>>>> stage Prepare base model started <<<<<<]
[2024-11-07 01:01:50,726: INFO: common: yaml file: config\config.yaml loaded successfully]
[2024-11-07 01:01:50,728: INFO: common: yaml file: params.yaml loaded successfully]
[2024-11-07 01:01:50,729: INFO: common: created directory at: artifacts]
[2024-11-07 01:01:50,729: INFO: common: created directory at: artifacts/prepare_base_model]
[2024-11-07 01:01:51,199: WARNING: saving_utils: Compiled the loaded model, but the compiled metrics have yet to be built. `model.compile_metrics` will be empty until you train or evaluate the model.]
[2024-11-07 01:01:51,433: INFO: main: >>>>>> stage Prepare base model completed <<<<<<

x==========x]
[2024-11-07 01:01:51,433: INFO: main: *******************]
[2024-11-07 01:01:51,433: INFO: main: >>>>>> stage Training started <<<<<<]
[2024-11-07 01:01:51,435: INFO: common: yaml file: config\config.yaml loaded successfully]
[2024-11-07 01:01:51,437: INFO: common: yaml file: params.yaml loaded successfully]
[2024-11-07 01:01:51,437: INFO: common: created directory at: artifacts]
[2024-11-07 01:01:51,438: INFO: common: created directory at: artifacts\training]
[2024-11-07 01:13:54,331: INFO: main: >>>>>> stage Training completed <<<<<<

x==========x]
[2024-11-07 01:13:54,331: INFO: main: *******************]
[2024-11-07 01:13:54,331: INFO: main: >>>>>> stage Evaluation stage started <<<<<<]
[2024-11-07 01:13:54,334: INFO: common: yaml file: config\config.yaml loaded successfully]
[2024-11-07 01:13:54,335: INFO: common: yaml file: params.yaml loaded successfully]
[2024-11-07 01:13:54,336: INFO: common: created directory at: artifacts]
[2024-11-07 01:15:49,172: INFO: common: json file saved at: scores.json]
[2024-11-07 01:15:49,172: INFO: common: json file saved at: scores.json]
[2024-11-07 01:15:49,174: INFO: main: >>>>>> stage Evaluation stage completed <<<<<<

x==========x]
[2024-11-07 19:01:47,625: INFO: stage_01_data_ingestion: >>>>>> stage Data Ingestion Stage started <<<<<<]
[2024-11-07 19:01:47,627: INFO: common: yaml file: config\config.yaml loaded successfully]
[2024-11-07 19:01:47,631: INFO: common: yaml file: params.yaml loaded successfully]
[2024-11-07 19:01:47,631: INFO: common: created directory at: artifacts]
[2024-11-07 19:01:47,632: INFO: common: created directory at: artifacts/data_ingestion]
[2024-11-07 19:01:47,632: INFO: data_ingestion: Downloading data from https://drive.google.com/file/d/1-U3xAwWvXgxcDIZ_PmliTJQBKbjpvL2w/view?usp=sharing into file artifacts/data_ingestion/data.zip]
[2024-11-07 19:03:09,414: INFO: data_ingestion: Downloaded data from https://drive.google.com/file/d/1-U3xAwWvXgxcDIZ_PmliTJQBKbjpvL2w/view?usp=sharing into file artifacts/data_ingestion/data.zip]
[2024-11-07 19:03:18,755: INFO: stage_01_data_ingestion: >>>>>> stage Data Ingestion Stage completed <<<<<<

x==========x]
[2024-11-07 19:04:56,070: INFO: stage_02_prepare_base_model: *******************]
[2024-11-07 19:04:56,070: INFO: stage_02_prepare_base_model: >>>>>> stage Prepare Base Model started <<<<<<]
[2024-11-07 19:04:56,073: INFO: common: yaml file: config\config.yaml loaded successfully]
[2024-11-07 19:04:56,075: INFO: common: yaml file: params.yaml loaded successfully]
[2024-11-07 19:04:56,075: INFO: common: created directory at: artifacts]
[2024-11-07 19:04:56,076: INFO: common: created directory at: artifacts/prepare_base_model]
[2024-11-07 19:04:56,623: WARNING: saving_utils: Compiled the loaded model, but the compiled metrics have yet to be built. `model.compile_metrics` will be empty until you train or evaluate the model.]
[2024-11-07 19:04:56,829: INFO: stage_02_prepare_base_model: >>>>>> stage Prepare Base Model completed <<<<<<

x==========x]
[2024-11-07 19:05:08,066: INFO: stage_03_model_training: *******************]
[2024-11-07 19:05:08,066: INFO: stage_03_model_training: >>>>>> stage Training started <<<<<<]
[2024-11-07 19:05:08,069: INFO: common: yaml file: config\config.yaml loaded successfully]
[2024-11-07 19:05:08,070: INFO: common: yaml file: params.yaml loaded successfully]
[2024-11-07 19:05:08,071: INFO: common: created directory at: artifacts]
[2024-11-07 19:05:08,071: INFO: common: created directory at: artifacts\training]
[2024-11-07 19:17:51,106: INFO: stage_03_model_training: >>>>>> stage Training completed <<<<<<

x==========x]
[2024-11-07 19:18:05,996: INFO: stage_04_model_evaluation: *******************]
[2024-11-07 19:18:05,997: INFO: stage_04_model_evaluation: >>>>>> stage Evaluation stage started <<<<<<]
[2024-11-07 19:18:05,999: INFO: common: yaml file: config\config.yaml loaded successfully]
[2024-11-07 19:18:06,001: INFO: common: yaml file: params.yaml loaded successfully]
[2024-11-07 19:18:06,002: INFO: common: created directory at: artifacts]
[2024-11-07 19:19:53,636: INFO: common: json file saved at: scores.json]
[2024-11-07 19:19:53,636: INFO: common: json file saved at: scores.json]
[2024-11-07 19:19:53,637: INFO: stage_04_model_evaluation: >>>>>> stage Evaluation stage completed <<<<<<

x==========x]
